************************************************
    Timestamp: Fri Jul 21 13:49:46 CEST 2023
************************************************
Lines that were processed: 
1 C 01/01/2023 31/12/2023 1234567 00-15
1 C 25/12/2023 25/12/2023 1234567 15-24
1 C 31/12/2023 01/01/2024 1234567 15-24
1 DjJota 01/08/2023 20/08/2023 12345 15-19
1 DjMota 17/08/2023 20/08/2023 12345 15-23
2 C 01/01/2023 31/12/2023 1234567 00-07
2 C 25/12/2023 25/12/2023 1234567 07-24
2 C 31/12/2023 01/01/2024 1234567 07-24
2 ReunioJava 15/08/2023 31/08/2023 134 12-13
2 DjJota 01/08/2023 20/08/2023 12345 15-19
2 DjMota 03/08/2023 10/08/2023 45 15-23
************************************************
    Timestamp: Fri Jul 21 14:12:33 CEST 2023
************************************************
Lines that were processed: 
1 C 01/01/2023 31/12/2023 1234567 00-15
1 C 25/12/2023 25/12/2023 1234567 15-24
1 C 31/12/2023 01/01/2024 1234567 15-24
1 DjJota 01/08/2023 20/08/2023 12345 15-19
1 DjMota 17/08/2023 20/08/2023 12345 15-23
2 C 01/01/2023 31/12/2023 1234567 00-07
2 C 25/12/2023 25/12/2023 1234567 07-24
2 C 31/12/2023 01/01/2024 1234567 07-24
2 ReunioJava 15/08/2023 31/08/2023 134 12-13
2 DjJota 01/08/2023 20/08/2023 12345 15-19
2 DjMota 03/08/2023 10/08/2023 45 15-23
************************************************
    Timestamp: Fri Jul 21 17:09:44 CEST 2023
************************************************
Lines that were processed: 
1 C 01/01/2023 31/12/2023 1234567 00-15
1 C 25/12/2023 25/12/2023 1234567 15-24
1 C 31/12/2023 01/01/2024 1234567 15-24
1 DjJota 01/08/2023 20/08/2023 12345 15-19
1 DjMota 17/08/2023 20/08/2023 12345 15-23
2 C 01/01/2023 31/12/2023 1234567 00-07
2 C 25/12/2023 25/12/2023 1234567 07-24
2 C 31/12/2023 01/01/2024 1234567 07-24
2 ReunioJava 15/08/2023 31/08/2023 134 12-13
2 DjJota 01/08/2023 20/08/2023 12345 15-19
2 DjMota 03/08/2023 10/08/2023 45 15-23
************************************************
    Timestamp: Fri Jul 21 17:10:20 CEST 2023
************************************************
Lines that were processed: 
1 C 01/01/2023 31/12/2023 1234567 00-15
1 C 25/12/2023 25/12/2023 1234567 15-24
1 C 31/12/2023 01/01/2024 1234567 15-24
1 DjJota 01/08/2023 20/08/2023 12345 15-19
1 DjMota 17/08/2023 20/08/2023 12345 15-23
2 C 01/01/2023 31/12/2023 1234567 00-07
2 C 25/12/2023 25/12/2023 1234567 07-24
2 C 31/12/2023 01/01/2024 1234567 07-24
2 ReunioJava 15/08/2023 31/08/2023 134 12-13
2 DjJota 01/08/2023 20/08/2023 12345 15-19
2 DjMota 03/08/2023 10/08/2023 45 15-23
************************************************
    Timestamp: Fri Jul 21 17:18:05 CEST 2023
************************************************
Lines that were processed: 
1 C 01/01/2023 31/12/2023 1234567 00-15
1 C 25/12/2023 25/12/2023 1234567 15-24
1 C 31/12/2023 01/01/2024 1234567 15-24
1 DjJota 01/08/2023 20/08/2023 12345 15-19
1 DjMota 17/08/2023 20/08/2023 12345 15-23
2 C 01/01/2023 31/12/2023 1234567 00-07
2 C 25/12/2023 25/12/2023 1234567 07-24
2 C 31/12/2023 01/01/2024 1234567 07-24
2 ReunioJava 15/08/2023 31/08/2023 134 12-13
2 DjJota 01/08/2023 20/08/2023 12345 15-19
2 DjMota 03/08/2023 10/08/2023 45 15-23
************************************************
    Timestamp: Fri Jul 21 17:19:50 CEST 2023
************************************************
Lines that were processed: 
1 C 01/01/2023 31/12/2023 1234567 00-15
1 C 25/12/2023 25/12/2023 1234567 15-24
1 C 31/12/2023 01/01/2024 1234567 15-24
1 DjJota 01/08/2023 20/08/2023 12345 15-19
1 DjMota 17/08/2023 20/08/2023 12345 15-23
2 C 01/01/2023 31/12/2023 1234567 00-07
2 C 25/12/2023 25/12/2023 1234567 07-24
2 C 31/12/2023 01/01/2024 1234567 07-24
2 ReunioJava 15/08/2023 31/08/2023 134 12-13
2 DjJota 01/08/2023 20/08/2023 12345 15-19
2 DjMota 03/08/2023 10/08/2023 45 15-23
************************************************
    Timestamp: Fri Jul 21 17:19:56 CEST 2023
************************************************
Lines that were processed: 
1 C 01/01/2023 31/12/2023 1234567 00-15
1 C 25/12/2023 25/12/2023 1234567 15-24
1 C 31/12/2023 01/01/2024 1234567 15-24
1 DjJota 01/08/2023 20/08/2023 12345 15-19
1 DjMota 17/08/2023 20/08/2023 12345 15-23
2 C 01/01/2023 31/12/2023 1234567 00-07
2 C 25/12/2023 25/12/2023 1234567 07-24
2 C 31/12/2023 01/01/2024 1234567 07-24
2 ReunioJava 15/08/2023 31/08/2023 134 12-13
2 DjJota 01/08/2023 20/08/2023 12345 15-19
2 DjMota 03/08/2023 10/08/2023 45 15-23
************************************************
    Timestamp: Fri Jul 21 17:47:53 CEST 2023
************************************************
Lines that were processed: 
1 C 01/01/2023 31/12/2023 1234567 00-15
1 C 25/12/2023 25/12/2023 1234567 15-24
1 C 31/12/2023 01/01/2024 1234567 15-24
1 DjJota 01/08/2023 20/08/2023 12345 15-19
1 DjMota 17/08/2023 20/08/2023 12345 15-23
2 C 01/01/2023 31/12/2023 1234567 00-07
2 C 25/12/2023 25/12/2023 1234567 07-24
2 C 31/12/2023 01/01/2024 1234567 07-24
2 ReunioJava 15/08/2023 31/08/2023 134 12-13
2 DjJota 01/08/2023 20/08/2023 12345 15-19
2 DjMota 03/08/2023 10/08/2023 45 15-23
************************************************
    Timestamp: Fri Jul 21 17:52:36 CEST 2023
************************************************
Lines that were processed: 
1 C 01/01/2023 31/12/2023 1234567 00-15
1 C 25/12/2023 25/12/2023 1234567 15-24
1 C 31/12/2023 01/01/2024 1234567 15-24
1 DjJota 01/08/2023 20/08/2023 12345 15-19
1 DjMota 17/08/2023 20/08/2023 12345 15-23
1 Valentin 17/08/2023 20/08/2023 12345 15-23
2 C 01/01/2023 31/12/2023 1234567 00-07
2 C 25/12/2023 25/12/2023 1234567 07-24
2 C 31/12/2023 01/01/2024 1234567 07-24
2 ReunioJava 15/08/2023 31/08/2023 134 12-13
2 DjJota 01/08/2023 20/08/2023 12345 15-19
2 DjMota 03/08/2023 10/08/2023 45 15-23
************************************************
    Timestamp: Fri Jul 21 17:53:55 CEST 2023
************************************************
Lines that were processed: 
1 C 01/01/2023 31/12/2023 1234567 00-15
1 C 25/12/2023 25/12/2023 1234567 15-24
1 C 31/12/2023 01/01/2024 1234567 15-24
1 DjJota 01/08/2023 20/08/2023 12345 15-19
1 DjMota 17/08/2023 20/08/2023 12345 15-23
1 Valentin 17/08/2023 20/08/2023 12345 15-23
2 C 01/01/2023 31/12/2023 1234567 00-07
2 C 25/12/2023 25/12/2023 1234567 07-24
2 C 31/12/2023 01/01/2024 1234567 07-24
2 ReunioJava 15/08/2023 31/08/2023 134 12-13
2 DjJota 01/08/2023 20/08/2023 12345 15-19
2 DjMota 03/08/2023 10/08/2023 45 15-23
************************************************
    Timestamp: Fri Jul 21 19:44:57 CEST 2023
************************************************
Lines that were processed: 
1 C 01/01/2023 31/12/2023 1234567 00-15
1 C 25/12/2023 25/12/2023 1234567 15-24
1 C 31/12/2023 01/01/2024 1234567 15-24
1 DjJota 01/08/2023 20/08/2023 12345 15-19
1 DjMota 17/08/2023 20/08/2023 12345 15-23
1 Valentin 17/08/2023 20/08/2023 12345 15-23
2 C 01/01/2023 31/12/2023 1234567 00-07
2 C 25/12/2023 25/12/2023 1234567 07-24
2 C 31/12/2023 01/01/2024 1234567 07-24
2 ReunioJava 15/08/2023 31/08/2023 134 12-13
2 DjJota 01/08/2023 20/08/2023 12345 15-19
2 DjMota 03/08/2023 10/08/2023 45 15-23
************************************************
    Timestamp: Fri Jul 21 19:51:43 CEST 2023
************************************************
Lines that were processed: 
1 C 01/01/2023 31/12/2023 1234567 00-15
1 C 25/12/2023 25/12/2023 1234567 15-24
1 C 31/12/2023 01/01/2024 1234567 15-24
1 DjJota 01/08/2023 20/08/2023 12345 15-19
1 DjMota 17/08/2023 20/08/2023 12345 15-23
1 Valentin 17/08/2023 20/08/2023 12345 15-23
2 C 01/01/2023 31/12/2023 1234567 00-07
2 C 25/12/2023 25/12/2023 1234567 07-24
2 C 31/12/2023 01/01/2024 1234567 07-24
2 ReunioJava 15/08/2023 31/08/2023 134 12-13
2 DjJota 01/08/2023 20/08/2023 12345 15-19
2 DjMota 03/08/2023 10/08/2023 45 15-23
